<?xml version="1.0" encoding="UTF-8"?>
<!-- Generated by org.testng.reporters.JUnitReportReporter -->
<testsuite hostname="AkshayAathale" failures="0" tests="2" name="DynamicJson" time="5.358" errors="0" timestamp="2025-05-25T14:33:46 IST" skipped="0">
  <testcase classname="DynamicJson" name="addBook" time="5.088"/>
  <testcase classname="DynamicJson" name="addBook" time="0.270"/>
</testsuite> <!-- DynamicJson -->
