<?xml version="1.0" encoding="UTF-8"?>
<!-- Generated by org.testng.reporters.JUnitReportReporter -->
<testsuite hostname="DESKTOP-58O9MJR" failures="0" tests="2" name="DynamicJson" time="4.391" errors="0" timestamp="2025-02-25T23:01:42 IST" skipped="0">
  <testcase classname="DynamicJson" name="addBook" time="0.366"/>
  <testcase classname="DynamicJson" name="addBook" time="4.025"/>
</testsuite> <!-- DynamicJson -->
